demo/build/outputs/logs/manifest-merger-debug-report.txt
-- Merging decision tree log ---
manifest
ADDED from nim_demo\demo\AndroidManifest.xml:2:1-359:12
	package
		ADDED from nim_demo\demo\AndroidManifest.xml:3:5-38
	android:versionName
		ADDED from nim_demo\demo\AndroidManifest.xml:6:5-32
		INJECTED from nim_demo\demo\AndroidManifest.xml
		INJECTED from nim_demo\demo\AndroidManifest.xml
	android:versionCode
		ADDED from nim_demo\demo\AndroidManifest.xml:5:5-29
		INJECTED from nim_demo\demo\AndroidManifest.xml
		INJECTED from nim_demo\demo\AndroidManifest.xml
	xmlns:android
		ADDED from nim_demo\demo\AndroidManifest.xml:2:11-69
	android:installLocation
		ADDED from nim_demo\demo\AndroidManifest.xml:4:5-35
uses-permission#android.permission.INTERNET
ADDED from nim_demo\demo\AndroidManifest.xml:10:5-67
	android:name
		ADDED from nim_demo\demo\AndroidManifest.xml:10:22-64
uses-permission#android.permission.ACCESS_NETWORK_STATE
ADDED from nim_demo\demo\AndroidManifest.xml:11:5-79
	android:name
		ADDED from nim_demo\demo\AndroidManifest.xml:11:22-76
uses-permission#android.permission.ACCESS_WIFI_STATE
ADDED from nim_demo\demo\AndroidManifest.xml:12:5-76
	android:name
		ADDED from nim_demo\demo\AndroidManifest.xml:12:22-73
uses-permission#android.permission.CHANGE_WIFI_STATE
ADDED from nim_demo\demo\AndroidManifest.xml:13:5-76
	android:name
		ADDED from nim_demo\demo\AndroidManifest.xml:13:22-73
uses-permission#android.permission.ACCESS_FINE_LOCATION
ADDED from nim_demo\demo\AndroidManifest.xml:14:5-79
	android:name
		ADDED from nim_demo\demo\AndroidManifest.xml:14:22-76
uses-permission#android.permission.ACCESS_COARSE_LOCATION
ADDED from nim_demo\demo\AndroidManifest.xml:15:5-81
	android:name
		ADDED from nim_demo\demo\AndroidManifest.xml:15:22-78
uses-permission#android.permission.WRITE_SETTINGS
ADDED from nim_demo\demo\AndroidManifest.xml:16:5-73
	android:name
		ADDED from nim_demo\demo\AndroidManifest.xml:16:22-70
uses-permission#android.permission.GET_TASKS
ADDED from nim_demo\demo\AndroidManifest.xml:19:5-68
	android:name
		ADDED from nim_demo\demo\AndroidManifest.xml:19:22-65
uses-permission#android.permission.FLASHLIGHT
ADDED from nim_demo\demo\AndroidManifest.xml:20:5-69
	android:name
		ADDED from nim_demo\demo\AndroidManifest.xml:20:22-66
uses-permission#android.permission.VIBRATE
ADDED from nim_demo\demo\AndroidManifest.xml:21:5-66
	android:name
		ADDED from nim_demo\demo\AndroidManifest.xml:21:22-63
uses-permission#android.permission.WAKE_LOCK
ADDED from nim_demo\demo\AndroidManifest.xml:22:5-68
	android:name
		ADDED from nim_demo\demo\AndroidManifest.xml:22:22-65
uses-permission#android.permission.BLUETOOTH
ADDED from nim_demo\demo\AndroidManifest.xml:23:5-68
	android:name
		ADDED from nim_demo\demo\AndroidManifest.xml:23:22-65
uses-permission#android.permission.BLUETOOTH_ADMIN
ADDED from nim_demo\demo\AndroidManifest.xml:24:5-74
	android:name
		ADDED from nim_demo\demo\AndroidManifest.xml:24:22-71
uses-permission#android.permission.CHANGE_CONFIGURATION
ADDED from nim_demo\demo\AndroidManifest.xml:25:5-79
	android:name
		ADDED from nim_demo\demo\AndroidManifest.xml:25:22-76
uses-permission#android.permission.MODIFY_AUDIO_SETTINGS
ADDED from nim_demo\demo\AndroidManifest.xml:26:5-80
	android:name
		ADDED from nim_demo\demo\AndroidManifest.xml:26:22-77
uses-permission#android.permission.READ_EXTERNAL_STORAGE
ADDED from nim_demo\demo\AndroidManifest.xml:29:5-80
	android:name
		ADDED from nim_demo\demo\AndroidManifest.xml:29:22-77
uses-permission#android.permission.WRITE_EXTERNAL_STORAGE
ADDED from nim_demo\demo\AndroidManifest.xml:30:5-81
	android:name
		ADDED from nim_demo\demo\AndroidManifest.xml:30:22-78
uses-permission#android.permission.CAMERA
ADDED from nim_demo\demo\AndroidManifest.xml:33:5-65
	android:name
		ADDED from nim_demo\demo\AndroidManifest.xml:33:22-62
uses-permission#android.permission.RECORD_AUDIO
ADDED from nim_demo\demo\AndroidManifest.xml:34:5-71
	android:name
		ADDED from nim_demo\demo\AndroidManifest.xml:34:22-68
uses-permission#android.permission.READ_PHONE_STATE
ADDED from nim_demo\demo\AndroidManifest.xml:35:5-75
	android:name
		ADDED from nim_demo\demo\AndroidManifest.xml:35:22-72
permission#com.netease.sdfnash.tarot.permission.RECEIVE_MSG
ADDED from nim_demo\demo\AndroidManifest.xml:39:5-41:47
	android:protectionLevel
		ADDED from nim_demo\demo\AndroidManifest.xml:41:9-44
	android:name
		ADDED from nim_demo\demo\AndroidManifest.xml:40:9-72
uses-permission#com.netease.sdfnash.tarot.permission.RECEIVE_MSG
ADDED from nim_demo\demo\AndroidManifest.xml:44:5-88
	android:name
		ADDED from nim_demo\demo\AndroidManifest.xml:44:22-85
application
ADDED from nim_demo\demo\AndroidManifest.xml:46:5-357:19
MERGED from [nim_demo:uikit:unspecified] AndroidManifest.xml:9:5-137:19
MERGED from [com.android.support:appcompat-v7:23.3.0] AndroidManifest.xml:25:5-20
MERGED from [com.android.support:support-vector-drawable:23.3.0] AndroidManifest.xml:7:5-20
MERGED from [com.android.support:support-v4:23.3.0] AndroidManifest.xml:22:5-20
MERGED from [com.android.support:animated-vector-drawable:23.3.0] AndroidManifest.xml:7:5-20
MERGED from [com.android.support:support-vector-drawable:23.3.0] AndroidManifest.xml:7:5-20
MERGED from [com.android.support:support-v4:23.3.0] AndroidManifest.xml:22:5-20
MERGED from [com.android.support:support-v4:23.3.0] AndroidManifest.xml:22:5-20
MERGED from [com.android.support:design:23.3.0] AndroidManifest.xml:22:5-20
MERGED from [com.android.support:appcompat-v7:23.3.0] AndroidManifest.xml:25:5-20
MERGED from [com.android.support:support-vector-drawable:23.3.0] AndroidManifest.xml:7:5-20
MERGED from [com.android.support:support-v4:23.3.0] AndroidManifest.xml:22:5-20
MERGED from [com.android.support:animated-vector-drawable:23.3.0] AndroidManifest.xml:7:5-20
MERGED from [com.android.support:support-vector-drawable:23.3.0] AndroidManifest.xml:7:5-20
MERGED from [com.android.support:support-v4:23.3.0] AndroidManifest.xml:22:5-20
MERGED from [com.android.support:support-v4:23.3.0] AndroidManifest.xml:22:5-20
MERGED from [com.android.support:support-v4:23.3.0] AndroidManifest.xml:22:5-20
MERGED from [com.android.support:support-v4:23.3.0] AndroidManifest.xml:22:5-20
MERGED from [com.android.support:support-v4:23.3.0] AndroidManifest.xml:22:5-20
	android:label
		ADDED from nim_demo\demo\AndroidManifest.xml:50:9-41
	android:allowBackup
		ADDED from nim_demo\demo\AndroidManifest.xml:48:9-35
	android:icon
		ADDED from nim_demo\demo\AndroidManifest.xml:49:9-41
	android:theme
		ADDED from nim_demo\demo\AndroidManifest.xml:51:9-52
	android:name
		ADDED from nim_demo\demo\AndroidManifest.xml:47:9-62
meta-data#com.amap.api.v2.apikey
ADDED from nim_demo\demo\AndroidManifest.xml:54:9-56:43
	android:value
		ADDED from nim_demo\demo\AndroidManifest.xml:56:13-40
		INJECTED from nim_demo\demo\AndroidManifest.xml
	android:name
		ADDED from nim_demo\demo\AndroidManifest.xml:55:13-50
meta-data#com.netease.nim.appKey
ADDED from nim_demo\demo\AndroidManifest.xml:57:9-59:64
	android:value
		ADDED from nim_demo\demo\AndroidManifest.xml:59:13-61
	android:name
		ADDED from nim_demo\demo\AndroidManifest.xml:58:13-50
uses-library#com.google.android.maps
ADDED from nim_demo\demo\AndroidManifest.xml:61:9-63:40
	android:required
		ADDED from nim_demo\demo\AndroidManifest.xml:63:13-37
	android:name
		ADDED from nim_demo\demo\AndroidManifest.xml:62:13-51
activity#com.tarot.sdfnash.tarot.main.activity.WelcomeActivity
ADDED from nim_demo\demo\AndroidManifest.xml:66:9-81:20
	android:screenOrientation
		ADDED from nim_demo\demo\AndroidManifest.xml:72:13-49
	android:label
		ADDED from nim_demo\demo\AndroidManifest.xml:70:13-45
	android:hardwareAccelerated
		ADDED from nim_demo\demo\AndroidManifest.xml:69:13-47
	android:launchMode
		ADDED from nim_demo\demo\AndroidManifest.xml:71:13-43
	android:windowSoftInputMode
		ADDED from nim_demo\demo\AndroidManifest.xml:74:13-52
	android:configChanges
		ADDED from nim_demo\demo\AndroidManifest.xml:68:13-63
	android:theme
		ADDED from nim_demo\demo\AndroidManifest.xml:73:13-65
	android:name
		ADDED from nim_demo\demo\AndroidManifest.xml:67:13-81
intent-filter#android.intent.action.MAIN+android.intent.category.LAUNCHER+android.intent.category.MULTIWINDOW_LAUNCHER
ADDED from nim_demo\demo\AndroidManifest.xml:75:13-80:29
action#android.intent.action.MAIN
ADDED from nim_demo\demo\AndroidManifest.xml:76:17-69
	android:name
		ADDED from nim_demo\demo\AndroidManifest.xml:76:25-66
category#android.intent.category.LAUNCHER
ADDED from nim_demo\demo\AndroidManifest.xml:78:17-77
	android:name
		ADDED from nim_demo\demo\AndroidManifest.xml:78:27-74
category#android.intent.category.MULTIWINDOW_LAUNCHER
ADDED from nim_demo\demo\AndroidManifest.xml:79:17-89
	android:name
		ADDED from nim_demo\demo\AndroidManifest.xml:79:27-86
activity#com.tarot.sdfnash.tarot.main.activity.MainActivity
ADDED from nim_demo\demo\AndroidManifest.xml:84:9-91:55
	android:screenOrientation
		ADDED from nim_demo\demo\AndroidManifest.xml:89:13-49
	android:hardwareAccelerated
		ADDED from nim_demo\demo\AndroidManifest.xml:87:13-47
	android:launchMode
		ADDED from nim_demo\demo\AndroidManifest.xml:88:13-43
	android:windowSoftInputMode
		ADDED from nim_demo\demo\AndroidManifest.xml:91:13-52
	android:configChanges
		ADDED from nim_demo\demo\AndroidManifest.xml:86:13-63
	android:theme
		ADDED from nim_demo\demo\AndroidManifest.xml:90:13-56
	android:name
		ADDED from nim_demo\demo\AndroidManifest.xml:85:13-78
activity#com.tarot.sdfnash.tarot.main.activity.MultiportActivity
ADDED from nim_demo\demo\AndroidManifest.xml:94:9-99:70
	android:screenOrientation
		ADDED from nim_demo\demo\AndroidManifest.xml:97:13-49
	android:windowSoftInputMode
		ADDED from nim_demo\demo\AndroidManifest.xml:99:13-67
	android:configChanges
		ADDED from nim_demo\demo\AndroidManifest.xml:96:13-63
	android:theme
		ADDED from nim_demo\demo\AndroidManifest.xml:98:13-56
	android:name
		ADDED from nim_demo\demo\AndroidManifest.xml:95:13-83
activity#com.tarot.sdfnash.tarot.login.LoginActivity
ADDED from nim_demo\demo\AndroidManifest.xml:102:9-108:70
	android:screenOrientation
		ADDED from nim_demo\demo\AndroidManifest.xml:106:13-49
	android:label
		ADDED from nim_demo\demo\AndroidManifest.xml:105:13-42
	android:windowSoftInputMode
		ADDED from nim_demo\demo\AndroidManifest.xml:108:13-67
	android:configChanges
		ADDED from nim_demo\demo\AndroidManifest.xml:104:13-48
	android:theme
		ADDED from nim_demo\demo\AndroidManifest.xml:107:13-46
	android:name
		ADDED from nim_demo\demo\AndroidManifest.xml:103:13-71
activity#com.tarot.sdfnash.tarot.main.activity.AboutActivity
ADDED from nim_demo\demo\AndroidManifest.xml:111:9-117:75
	android:screenOrientation
		ADDED from nim_demo\demo\AndroidManifest.xml:115:13-49
	android:label
		ADDED from nim_demo\demo\AndroidManifest.xml:114:13-42
	android:windowSoftInputMode
		ADDED from nim_demo\demo\AndroidManifest.xml:117:13-72
	android:configChanges
		ADDED from nim_demo\demo\AndroidManifest.xml:113:13-48
	android:theme
		ADDED from nim_demo\demo\AndroidManifest.xml:116:13-56
	android:name
		ADDED from nim_demo\demo\AndroidManifest.xml:112:13-79
activity#com.tarot.sdfnash.tarot.main.activity.SettingsActivity
ADDED from nim_demo\demo\AndroidManifest.xml:118:9-123:63
	android:screenOrientation
		ADDED from nim_demo\demo\AndroidManifest.xml:121:13-49
	android:windowSoftInputMode
		ADDED from nim_demo\demo\AndroidManifest.xml:123:13-60
	android:configChanges
		ADDED from nim_demo\demo\AndroidManifest.xml:120:13-48
	android:theme
		ADDED from nim_demo\demo\AndroidManifest.xml:122:13-56
	android:name
		ADDED from nim_demo\demo\AndroidManifest.xml:119:13-82
activity#com.tarot.sdfnash.tarot.main.activity.NoDisturbActivity
ADDED from nim_demo\demo\AndroidManifest.xml:124:9-129:75
	android:screenOrientation
		ADDED from nim_demo\demo\AndroidManifest.xml:127:13-49
	android:windowSoftInputMode
		ADDED from nim_demo\demo\AndroidManifest.xml:129:13-72
	android:configChanges
		ADDED from nim_demo\demo\AndroidManifest.xml:126:13-48
	android:theme
		ADDED from nim_demo\demo\AndroidManifest.xml:128:13-56
	android:name
		ADDED from nim_demo\demo\AndroidManifest.xml:125:13-83
activity#com.tarot.sdfnash.tarot.contact.activity.AddFriendActivity
ADDED from nim_demo\demo\AndroidManifest.xml:130:9-135:75
	android:screenOrientation
		ADDED from nim_demo\demo\AndroidManifest.xml:133:13-49
	android:windowSoftInputMode
		ADDED from nim_demo\demo\AndroidManifest.xml:135:13-72
	android:configChanges
		ADDED from nim_demo\demo\AndroidManifest.xml:132:13-48
	android:theme
		ADDED from nim_demo\demo\AndroidManifest.xml:134:13-56
	android:name
		ADDED from nim_demo\demo\AndroidManifest.xml:131:13-86
activity#com.tarot.sdfnash.tarot.contact.activity.UserProfileActivity
ADDED from nim_demo\demo\AndroidManifest.xml:136:9-141:75
	android:screenOrientation
		ADDED from nim_demo\demo\AndroidManifest.xml:139:13-49
	android:windowSoftInputMode
		ADDED from nim_demo\demo\AndroidManifest.xml:141:13-72
	android:configChanges
		ADDED from nim_demo\demo\AndroidManifest.xml:138:13-48
	android:theme
		ADDED from nim_demo\demo\AndroidManifest.xml:140:13-56
	android:name
		ADDED from nim_demo\demo\AndroidManifest.xml:137:13-88
activity#com.tarot.sdfnash.tarot.contact.activity.UserProfileSettingActivity
ADDED from nim_demo\demo\AndroidManifest.xml:142:9-147:75
	android:screenOrientation
		ADDED from nim_demo\demo\AndroidManifest.xml:145:13-49
	android:windowSoftInputMode
		ADDED from nim_demo\demo\AndroidManifest.xml:147:13-72
	android:configChanges
		ADDED from nim_demo\demo\AndroidManifest.xml:144:13-48
	android:theme
		ADDED from nim_demo\demo\AndroidManifest.xml:146:13-56
	android:name
		ADDED from nim_demo\demo\AndroidManifest.xml:143:13-95
activity#com.tarot.sdfnash.tarot.contact.activity.UserProfileEditItemActivity
ADDED from nim_demo\demo\AndroidManifest.xml:148:9-153:75
	android:screenOrientation
		ADDED from nim_demo\demo\AndroidManifest.xml:151:13-49
	android:windowSoftInputMode
		ADDED from nim_demo\demo\AndroidManifest.xml:153:13-72
	android:configChanges
		ADDED from nim_demo\demo\AndroidManifest.xml:150:13-48
	android:theme
		ADDED from nim_demo\demo\AndroidManifest.xml:152:13-56
	android:name
		ADDED from nim_demo\demo\AndroidManifest.xml:149:13-96
activity#com.tarot.sdfnash.tarot.contact.activity.BlackListActivity
ADDED from nim_demo\demo\AndroidManifest.xml:154:9-159:75
	android:screenOrientation
		ADDED from nim_demo\demo\AndroidManifest.xml:157:13-49
	android:windowSoftInputMode
		ADDED from nim_demo\demo\AndroidManifest.xml:159:13-72
	android:configChanges
		ADDED from nim_demo\demo\AndroidManifest.xml:156:13-48
	android:theme
		ADDED from nim_demo\demo\AndroidManifest.xml:158:13-56
	android:name
		ADDED from nim_demo\demo\AndroidManifest.xml:155:13-86
activity#com.tarot.sdfnash.tarot.file.browser.FileBrowserActivity
ADDED from nim_demo\demo\AndroidManifest.xml:162:9-168:75
	android:screenOrientation
		ADDED from nim_demo\demo\AndroidManifest.xml:166:13-49
	android:label
		ADDED from nim_demo\demo\AndroidManifest.xml:165:13-49
	android:windowSoftInputMode
		ADDED from nim_demo\demo\AndroidManifest.xml:168:13-72
	android:configChanges
		ADDED from nim_demo\demo\AndroidManifest.xml:164:13-48
	android:theme
		ADDED from nim_demo\demo\AndroidManifest.xml:167:13-56
	android:name
		ADDED from nim_demo\demo\AndroidManifest.xml:163:13-84
activity#com.tarot.sdfnash.tarot.main.activity.SystemMessageActivity
ADDED from nim_demo\demo\AndroidManifest.xml:169:9-174:70
	android:screenOrientation
		ADDED from nim_demo\demo\AndroidManifest.xml:172:13-49
	android:windowSoftInputMode
		ADDED from nim_demo\demo\AndroidManifest.xml:174:13-67
	android:configChanges
		ADDED from nim_demo\demo\AndroidManifest.xml:171:13-63
	android:theme
		ADDED from nim_demo\demo\AndroidManifest.xml:173:13-56
	android:name
		ADDED from nim_demo\demo\AndroidManifest.xml:170:13-87
activity#com.tarot.sdfnash.tarot.main.activity.CustomNotificationActivity
ADDED from nim_demo\demo\AndroidManifest.xml:175:9-180:70
	android:screenOrientation
		ADDED from nim_demo\demo\AndroidManifest.xml:178:13-49
	android:windowSoftInputMode
		ADDED from nim_demo\demo\AndroidManifest.xml:180:13-67
	android:configChanges
		ADDED from nim_demo\demo\AndroidManifest.xml:177:13-63
	android:theme
		ADDED from nim_demo\demo\AndroidManifest.xml:179:13-56
	android:name
		ADDED from nim_demo\demo\AndroidManifest.xml:176:13-92
activity#com.tarot.sdfnash.tarot.session.activity.MessageHistoryActivity
ADDED from nim_demo\demo\AndroidManifest.xml:181:9-186:70
	android:screenOrientation
		ADDED from nim_demo\demo\AndroidManifest.xml:184:13-49
	android:windowSoftInputMode
		ADDED from nim_demo\demo\AndroidManifest.xml:186:13-67
	android:configChanges
		ADDED from nim_demo\demo\AndroidManifest.xml:183:13-63
	android:theme
		ADDED from nim_demo\demo\AndroidManifest.xml:185:13-56
	android:name
		ADDED from nim_demo\demo\AndroidManifest.xml:182:13-91
activity#com.tarot.sdfnash.tarot.session.activity.MessageInfoActivity
ADDED from nim_demo\demo\AndroidManifest.xml:187:9-192:70
	android:screenOrientation
		ADDED from nim_demo\demo\AndroidManifest.xml:190:13-49
	android:windowSoftInputMode
		ADDED from nim_demo\demo\AndroidManifest.xml:192:13-67
	android:configChanges
		ADDED from nim_demo\demo\AndroidManifest.xml:189:13-63
	android:theme
		ADDED from nim_demo\demo\AndroidManifest.xml:191:13-56
	android:name
		ADDED from nim_demo\demo\AndroidManifest.xml:188:13-88
activity#com.tarot.sdfnash.tarot.team.activity.AdvancedTeamSearchActivity
ADDED from nim_demo\demo\AndroidManifest.xml:193:9-198:70
	android:screenOrientation
		ADDED from nim_demo\demo\AndroidManifest.xml:196:13-49
	android:windowSoftInputMode
		ADDED from nim_demo\demo\AndroidManifest.xml:198:13-67
	android:configChanges
		ADDED from nim_demo\demo\AndroidManifest.xml:195:13-63
	android:theme
		ADDED from nim_demo\demo\AndroidManifest.xml:197:13-56
	android:name
		ADDED from nim_demo\demo\AndroidManifest.xml:194:13-92
activity#com.tarot.sdfnash.tarot.team.activity.AdvancedTeamJoinActivity
ADDED from nim_demo\demo\AndroidManifest.xml:199:9-204:70
	android:screenOrientation
		ADDED from nim_demo\demo\AndroidManifest.xml:202:13-49
	android:windowSoftInputMode
		ADDED from nim_demo\demo\AndroidManifest.xml:204:13-67
	android:configChanges
		ADDED from nim_demo\demo\AndroidManifest.xml:201:13-63
	android:theme
		ADDED from nim_demo\demo\AndroidManifest.xml:203:13-56
	android:name
		ADDED from nim_demo\demo\AndroidManifest.xml:200:13-90
activity#com.tarot.sdfnash.tarot.main.activity.TeamListActivity
ADDED from nim_demo\demo\AndroidManifest.xml:205:9-210:67
	android:screenOrientation
		ADDED from nim_demo\demo\AndroidManifest.xml:208:13-49
	android:windowSoftInputMode
		ADDED from nim_demo\demo\AndroidManifest.xml:210:13-64
	android:configChanges
		ADDED from nim_demo\demo\AndroidManifest.xml:207:13-63
	android:theme
		ADDED from nim_demo\demo\AndroidManifest.xml:209:13-56
	android:name
		ADDED from nim_demo\demo\AndroidManifest.xml:206:13-82
activity#com.tarot.sdfnash.tarot.main.activity.GlobalSearchActivity
ADDED from nim_demo\demo\AndroidManifest.xml:213:9-218:62
	android:screenOrientation
		ADDED from nim_demo\demo\AndroidManifest.xml:216:13-49
	android:windowSoftInputMode
		ADDED from nim_demo\demo\AndroidManifest.xml:218:13-59
	android:configChanges
		ADDED from nim_demo\demo\AndroidManifest.xml:215:13-63
	android:theme
		ADDED from nim_demo\demo\AndroidManifest.xml:217:13-52
	android:name
		ADDED from nim_demo\demo\AndroidManifest.xml:214:13-86
activity#com.tarot.sdfnash.tarot.session.activity.WatchSnapChatPictureActivity
ADDED from nim_demo\demo\AndroidManifest.xml:221:9-224:59
	android:configChanges
		ADDED from nim_demo\demo\AndroidManifest.xml:223:13-51
	android:theme
		ADDED from nim_demo\demo\AndroidManifest.xml:224:13-56
	android:name
		ADDED from nim_demo\demo\AndroidManifest.xml:222:13-97
activity#com.tarot.sdfnash.tarot.location.activity.LocationAmapActivity
ADDED from nim_demo\demo\AndroidManifest.xml:226:9-231:59
	android:screenOrientation
		ADDED from nim_demo\demo\AndroidManifest.xml:230:13-49
	android:label
		ADDED from nim_demo\demo\AndroidManifest.xml:229:13-49
	android:configChanges
		ADDED from nim_demo\demo\AndroidManifest.xml:228:13-63
	android:theme
		ADDED from nim_demo\demo\AndroidManifest.xml:231:13-56
	android:name
		ADDED from nim_demo\demo\AndroidManifest.xml:227:13-90
activity#com.tarot.sdfnash.tarot.location.activity.NavigationAmapActivity
ADDED from nim_demo\demo\AndroidManifest.xml:232:9-237:59
	android:screenOrientation
		ADDED from nim_demo\demo\AndroidManifest.xml:236:13-49
	android:label
		ADDED from nim_demo\demo\AndroidManifest.xml:235:13-54
	android:configChanges
		ADDED from nim_demo\demo\AndroidManifest.xml:234:13-63
	android:theme
		ADDED from nim_demo\demo\AndroidManifest.xml:237:13-56
	android:name
		ADDED from nim_demo\demo\AndroidManifest.xml:233:13-92
activity#com.tarot.sdfnash.tarot.avchat.activity.AVChatActivity
ADDED from nim_demo\demo\AndroidManifest.xml:240:9-245:63
	android:screenOrientation
		ADDED from nim_demo\demo\AndroidManifest.xml:243:13-49
	android:launchMode
		ADDED from nim_demo\demo\AndroidManifest.xml:242:13-48
	android:windowSoftInputMode
		ADDED from nim_demo\demo\AndroidManifest.xml:245:13-60
	android:theme
		ADDED from nim_demo\demo\AndroidManifest.xml:244:13-51
	android:name
		ADDED from nim_demo\demo\AndroidManifest.xml:241:13-82
activity#com.tarot.sdfnash.tarot.rts.activity.RTSActivity
ADDED from nim_demo\demo\AndroidManifest.xml:248:9-253:63
	android:screenOrientation
		ADDED from nim_demo\demo\AndroidManifest.xml:251:13-49
	android:launchMode
		ADDED from nim_demo\demo\AndroidManifest.xml:250:13-48
	android:windowSoftInputMode
		ADDED from nim_demo\demo\AndroidManifest.xml:253:13-60
	android:theme
		ADDED from nim_demo\demo\AndroidManifest.xml:252:13-56
	android:name
		ADDED from nim_demo\demo\AndroidManifest.xml:249:13-76
activity#com.tarot.sdfnash.tarot.session.search.SearchMessageActivity
ADDED from nim_demo\demo\AndroidManifest.xml:256:9-261:72
	android:screenOrientation
		ADDED from nim_demo\demo\AndroidManifest.xml:259:13-49
	android:windowSoftInputMode
		ADDED from nim_demo\demo\AndroidManifest.xml:261:13-69
	android:configChanges
		ADDED from nim_demo\demo\AndroidManifest.xml:258:13-63
	android:theme
		ADDED from nim_demo\demo\AndroidManifest.xml:260:13-52
	android:name
		ADDED from nim_demo\demo\AndroidManifest.xml:257:13-88
activity#com.tarot.sdfnash.tarot.session.search.DisplayMessageActivity
ADDED from nim_demo\demo\AndroidManifest.xml:262:9-267:70
	android:screenOrientation
		ADDED from nim_demo\demo\AndroidManifest.xml:265:13-49
	android:windowSoftInputMode
		ADDED from nim_demo\demo\AndroidManifest.xml:267:13-67
	android:configChanges
		ADDED from nim_demo\demo\AndroidManifest.xml:264:13-63
	android:theme
		ADDED from nim_demo\demo\AndroidManifest.xml:266:13-56
	android:name
		ADDED from nim_demo\demo\AndroidManifest.xml:263:13-89
activity#com.tarot.sdfnash.tarot.chatroom.activity.ChatRoomActivity
ADDED from nim_demo\demo\AndroidManifest.xml:270:9-274:70
	android:screenOrientation
		ADDED from nim_demo\demo\AndroidManifest.xml:272:13-49
	android:windowSoftInputMode
		ADDED from nim_demo\demo\AndroidManifest.xml:274:13-67
	android:theme
		ADDED from nim_demo\demo\AndroidManifest.xml:273:13-56
	android:name
		ADDED from nim_demo\demo\AndroidManifest.xml:271:13-86
activity#com.tarot.sdfnash.tarot.avchat.activity.AVChatSettingsActivity
ADDED from nim_demo\demo\AndroidManifest.xml:277:9-279:52
	android:screenOrientation
		ADDED from nim_demo\demo\AndroidManifest.xml:279:13-49
	android:name
		ADDED from nim_demo\demo\AndroidManifest.xml:278:13-90
service#com.netease.nimlib.service.NimService
ADDED from nim_demo\demo\AndroidManifest.xml:282:9-284:39
	android:process
		ADDED from nim_demo\demo\AndroidManifest.xml:284:13-36
	android:name
		ADDED from nim_demo\demo\AndroidManifest.xml:283:13-65
service#com.netease.nimlib.service.NimService$Aux
ADDED from nim_demo\demo\AndroidManifest.xml:287:9-289:39
	android:process
		ADDED from nim_demo\demo\AndroidManifest.xml:289:13-36
	android:name
		ADDED from nim_demo\demo\AndroidManifest.xml:288:13-69
receiver#com.netease.nimlib.service.NimReceiver
ADDED from nim_demo\demo\AndroidManifest.xml:292:9-300:20
	android:process
		ADDED from nim_demo\demo\AndroidManifest.xml:295:13-36
	android:exported
		ADDED from nim_demo\demo\AndroidManifest.xml:294:13-37
	android:name
		ADDED from nim_demo\demo\AndroidManifest.xml:293:13-66
intent-filter#android.intent.action.BOOT_COMPLETED+android.net.conn.CONNECTIVITY_CHANGE
ADDED from nim_demo\demo\AndroidManifest.xml:296:13-299:29
action#android.intent.action.BOOT_COMPLETED
ADDED from nim_demo\demo\AndroidManifest.xml:297:17-79
	android:name
		ADDED from nim_demo\demo\AndroidManifest.xml:297:25-76
action#android.net.conn.CONNECTIVITY_CHANGE
ADDED from nim_demo\demo\AndroidManifest.xml:298:17-79
	android:name
		ADDED from nim_demo\demo\AndroidManifest.xml:298:25-76
receiver#com.netease.nimlib.service.ResponseReceiver
ADDED from nim_demo\demo\AndroidManifest.xml:303:9-80
	android:name
		ADDED from nim_demo\demo\AndroidManifest.xml:303:19-77
receiver#com.tarot.sdfnash.tarot.receiver.CustomNotificationReceiver
ADDED from nim_demo\demo\AndroidManifest.xml:307:9-314:20
	android:enabled
		ADDED from nim_demo\demo\AndroidManifest.xml:309:13-35
	android:exported
		ADDED from nim_demo\demo\AndroidManifest.xml:310:13-37
	android:name
		ADDED from nim_demo\demo\AndroidManifest.xml:308:13-87
intent-filter#com.netease.sdfnash.tarot.ACTION.RECEIVE_CUSTOM_NOTIFICATION
ADDED from nim_demo\demo\AndroidManifest.xml:311:13-313:29
action#com.netease.sdfnash.tarot.ACTION.RECEIVE_CUSTOM_NOTIFICATION
ADDED from nim_demo\demo\AndroidManifest.xml:312:17-103
	android:name
		ADDED from nim_demo\demo\AndroidManifest.xml:312:25-100
receiver#com.netease.nimlib.receiver.RTSBroadcastReceiver
ADDED from nim_demo\demo\AndroidManifest.xml:317:9-324:20
	android:enabled
		ADDED from nim_demo\demo\AndroidManifest.xml:319:13-35
	android:exported
		ADDED from nim_demo\demo\AndroidManifest.xml:320:13-37
	android:name
		ADDED from nim_demo\demo\AndroidManifest.xml:318:13-76
intent-filter#com.netease.sdfnash.tarot.ACTION.RECEIVE_RTS_NOTIFICATION
ADDED from nim_demo\demo\AndroidManifest.xml:321:13-323:29
action#com.netease.sdfnash.tarot.ACTION.RECEIVE_RTS_NOTIFICATION
ADDED from nim_demo\demo\AndroidManifest.xml:322:17-100
	android:name
		ADDED from nim_demo\demo\AndroidManifest.xml:322:25-97
receiver#com.netease.nimlib.receiver.IncomingCallReceiver
ADDED from nim_demo\demo\AndroidManifest.xml:327:9-331:20
	android:name
		ADDED from nim_demo\demo\AndroidManifest.xml:327:19-82
intent-filter#android.intent.action.PHONE_STATE
ADDED from nim_demo\demo\AndroidManifest.xml:328:13-330:29
action#android.intent.action.PHONE_STATE
ADDED from nim_demo\demo\AndroidManifest.xml:329:17-76
	android:name
		ADDED from nim_demo\demo\AndroidManifest.xml:329:25-73
service#com.netease.cosine.core.CosineService
ADDED from nim_demo\demo\AndroidManifest.xml:334:9-336:41
	android:process
		ADDED from nim_demo\demo\AndroidManifest.xml:336:13-38
	android:name
		ADDED from nim_demo\demo\AndroidManifest.xml:335:13-65
receiver#com.netease.cosine.target.CosineReceiver
ADDED from nim_demo\demo\AndroidManifest.xml:338:9-341:41
	android:process
		ADDED from nim_demo\demo\AndroidManifest.xml:341:13-38
	android:exported
		ADDED from nim_demo\demo\AndroidManifest.xml:340:13-36
	android:name
		ADDED from nim_demo\demo\AndroidManifest.xml:339:13-68
meta-data#com.netease.cosine.target
ADDED from nim_demo\demo\AndroidManifest.xml:344:9-346:32
	android:value
		ADDED from nim_demo\demo\AndroidManifest.xml:346:13-29
	android:name
		ADDED from nim_demo\demo\AndroidManifest.xml:345:13-53
meta-data#com.netease.cosine.target.receiver
ADDED from nim_demo\demo\AndroidManifest.xml:347:9-349:70
	android:value
		ADDED from nim_demo\demo\AndroidManifest.xml:349:13-67
	android:name
		ADDED from nim_demo\demo\AndroidManifest.xml:348:13-62
activity#com.tarot.sdfnash.tarot.login.ForgetPasswordActivity
ADDED from nim_demo\demo\AndroidManifest.xml:351:9-89
	android:name
		ADDED from nim_demo\demo\AndroidManifest.xml:351:19-86
activity#com.tarot.sdfnash.tarot.registnew.activity.CommitCommentActivity
ADDED from nim_demo\demo\AndroidManifest.xml:352:9-101
	android:name
		ADDED from nim_demo\demo\AndroidManifest.xml:352:19-98
activity#com.tarot.sdfnash.tarot.registnew.activity.AboutActivity
ADDED from nim_demo\demo\AndroidManifest.xml:353:9-354:20
	android:name
		ADDED from nim_demo\demo\AndroidManifest.xml:353:19-90
activity#com.tarot.sdfnash.tarot.registnew.activity.MainMessageActivity
ADDED from nim_demo\demo\AndroidManifest.xml:355:9-356:20
	android:name
		ADDED from nim_demo\demo\AndroidManifest.xml:355:19-96
uses-sdk
INJECTED from nim_demo\demo\AndroidManifest.xml reason: use-sdk injection requested
MERGED from [nim_demo:uikit:unspecified] AndroidManifest.xml:5:5-7:41
MERGED from [com.android.support:appcompat-v7:23.3.0] AndroidManifest.xml:21:5-23:78
MERGED from [com.android.support:support-vector-drawable:23.3.0] AndroidManifest.xml:5:5-43
MERGED from [com.android.support:support-v4:23.3.0] AndroidManifest.xml:20:5-43
MERGED from [com.android.support:animated-vector-drawable:23.3.0] AndroidManifest.xml:5:5-44
MERGED from [com.android.support:support-vector-drawable:23.3.0] AndroidManifest.xml:5:5-43
MERGED from [com.android.support:support-v4:23.3.0] AndroidManifest.xml:20:5-43
MERGED from [com.android.support:support-v4:23.3.0] AndroidManifest.xml:20:5-43
MERGED from [com.android.support:design:23.3.0] AndroidManifest.xml:20:5-43
MERGED from [com.android.support:appcompat-v7:23.3.0] AndroidManifest.xml:21:5-23:78
MERGED from [com.android.support:support-vector-drawable:23.3.0] AndroidManifest.xml:5:5-43
MERGED from [com.android.support:support-v4:23.3.0] AndroidManifest.xml:20:5-43
MERGED from [com.android.support:animated-vector-drawable:23.3.0] AndroidManifest.xml:5:5-44